<?xml version="1.0" encoding="UTF-8"?>
<!-- Generated by org.testng.reporters.JUnitReportReporter -->
<testsuite hostname="XEL011018721" failures="0" tests="1" name="com.vj.Practice.MavenInfinite.Excelsheet.XLRW" time="0.000" errors="0" timestamp="14 Mar 2019 04:52:25 GMT" skipped="1">
  <testcase classname="com.vj.Practice.MavenInfinite.Excelsheet.XLRW" name="Settlement" time="0.000">
    <skipped/>
  </testcase> <!-- Settlement -->
</testsuite> <!-- com.vj.Practice.MavenInfinite.Excelsheet.XLRW -->
