<?xml version="1.0" encoding="UTF-8"?>
<!-- Generated by org.testng.reporters.JUnitReportReporter -->
<testsuite hostname="XEL011018721" failures="0" tests="5" name="com.k2js.Excellearning.Excelpractice.ExclRW3" time="56.053" errors="0" timestamp="04 Mar 2019 06:15:00 GMT" skipped="0">
  <testcase classname="com.k2js.Excellearning.Excelpractice.ExclRW3" name="VerifyHomePageTitle" time="1.327"/>
  <testcase classname="com.k2js.Excellearning.Excelpractice.ExclRW3" name="VerifyRegisterPage" time="5.277"/>
  <testcase classname="com.k2js.Excellearning.Excelpractice.ExclRW3" name="VerifySignOn" time="11.763"/>
  <testcase classname="com.k2js.Excellearning.Excelpractice.ExclRW3" name="VerifyRegisterPage" time="31.863"/>
  <testcase classname="com.k2js.Excellearning.Excelpractice.ExclRW3" name="VerifyRegisterPage" time="5.823"/>
</testsuite> <!-- com.k2js.Excellearning.Excelpractice.ExclRW3 -->
