<?xml version="1.0" encoding="UTF-8"?>
<!-- Generated by org.testng.reporters.JUnitReportReporter -->
<testsuite hostname="XEL011018721" failures="0" tests="4" name="com.k2js.Excellearning.Excelpractice.XLRW" time="0.023" errors="0" timestamp="08 Jan 2019 06:17:21 GMT" skipped="0">
  <testcase classname="com.k2js.Excellearning.Excelpractice.XLRW" name="VerifySignOn" time="0.015"/>
  <testcase classname="com.k2js.Excellearning.Excelpractice.XLRW" name="verifyRegisterPage" time="0.004"/>
  <testcase classname="com.k2js.Excellearning.Excelpractice.XLRW" name="verifyRegisterPage" time="0.002"/>
  <testcase classname="com.k2js.Excellearning.Excelpractice.XLRW" name="verifyHomePageTitle" time="0.002"/>
</testsuite> <!-- com.k2js.Excellearning.Excelpractice.XLRW -->
