<?xml version="1.0" encoding="UTF-8"?>
<!-- Generated by org.testng.reporters.JUnitReportReporter -->
<testsuite hostname="XEL011018721" failures="0" tests="3" name="com.k2js.Excellearning.Excelpractice.XLRW4" time="0.016" errors="0" timestamp="05 Mar 2019 03:58:17 GMT" skipped="0">
  <testcase classname="com.k2js.Excellearning.Excelpractice.XLRW4" name="VerifyRegisterPage" time="0.000"/>
  <testcase classname="com.k2js.Excellearning.Excelpractice.XLRW4" name="VerifyRegisterPage" time="0.000"/>
  <testcase classname="com.k2js.Excellearning.Excelpractice.XLRW4" name="VerifyRegisterPage" time="0.016"/>
</testsuite> <!-- com.k2js.Excellearning.Excelpractice.XLRW4 -->
