<?xml version="1.0" encoding="UTF-8"?>
<!-- Generated by org.testng.reporters.JUnitReportReporter -->
<testsuite hostname="XEL011018721" failures="0" tests="2" name="com.k2js.Excellearning.Excelpractice.exclrw1" time="0.015" errors="0" timestamp="03 Mar 2019 12:33:24 GMT" skipped="0">
  <testcase classname="com.k2js.Excellearning.Excelpractice.exclrw1" name="verifyRegisterPage" time="0.000"/>
  <testcase classname="com.k2js.Excellearning.Excelpractice.exclrw1" name="verifyRegisterPage" time="0.015"/>
</testsuite> <!-- com.k2js.Excellearning.Excelpractice.exclrw1 -->
