<?xml version="1.0" encoding="UTF-8"?>
<!-- Generated by org.testng.reporters.JUnitReportReporter -->
<testsuite hostname="XEL011018721" failures="0" tests="2" name="com.k2js.Excellearning.Excelpractice.Exclrw2" time="0.016" errors="0" timestamp="03 Mar 2019 13:44:48 GMT" skipped="0">
  <testcase classname="com.k2js.Excellearning.Excelpractice.Exclrw2" name="verifyRegisterPage" time="0.000"/>
  <testcase classname="com.k2js.Excellearning.Excelpractice.Exclrw2" name="verifyRegisterPage" time="0.016"/>
</testsuite> <!-- com.k2js.Excellearning.Excelpractice.Exclrw2 -->
