<?xml version="1.0" encoding="UTF-8"?>
<!-- Generated by org.testng.reporters.JUnitReportReporter -->
<testsuite hostname="XEL011018721" failures="0" tests="1" name="vjPrograms.BasicPgms.ScreenshotEg" time="9.193" errors="0" timestamp="25 Feb 2018 06:29:16 GMT" skipped="0">
  <testcase classname="vjPrograms.BasicPgms.ScreenshotEg" name="OpenBrowser" time="9.193"/>
</testsuite> <!-- vjPrograms.BasicPgms.ScreenshotEg -->
